<?xml version="1.0" encoding="UTF-8"?>
<!-- Generated by org.testng.reporters.JUnitXMLReporter -->
<testsuite ignored="0" hostname="DESKTOP-JA9952J" failures="0" tests="8" name="Login" time="34.666" errors="0" timestamp="26 Mar 2022 16:08:31 GMT">
  <testcase classname="placelab.tests.LoginTest" name="testLoginPage" time="8.001"/>
  <testcase classname="placelab.tests.LoginTestEmptyPassword" name="testLoginWithoutPassword" time="3.057"/>
  <testcase classname="placelab.tests.LoginTestEnterKey" name="testLoginPage" time="4.547"/>
  <testcase classname="placelab.tests.LoginTestInvalidPassword" name="testLoginWithInvalidPassword" time="5.609"/>
  <testcase classname="placelab.tests.LoginTestInvalidUsername" name="testLoginWithInvalidUsername" time="3.033"/>
  <testcase classname="placelab.tests.LoginTestEmptyUsername" name="testLoginWithoutUsername" time="3.089"/>
  <testcase classname="placelab.tests.LoginTestResetPassword" name="testPasswordReset" time="3.099"/>
  <testcase classname="placelab.tests.LoginTestTermsOfUse" name="testTermsOfUsePage" time="4.21"/>
</testsuite> <!-- Login -->
