<?xml version="1.0" encoding="UTF-8"?>
<testng-results ignored="0" total="8" passed="8" failed="0" skipped="0">
  <reporter-output>
  </reporter-output>
  <suite started-at="2022-03-26T16:07:57Z" name="Smoke Test" finished-at="2022-03-26T16:08:31Z" duration-ms="34666">
    <groups>
    </groups>
    <test started-at="2022-03-26T16:07:57Z" name="Login" finished-at="2022-03-26T16:08:31Z" duration-ms="34666">
      <class name="placelab.tests.LoginTestInvalidPassword">
        <test-method signature="testLoginWithInvalidPassword()[pri:0, instance:placelab.tests.LoginTestInvalidPassword@13acb0d1]" started-at="2022-03-26T17:08:12Z" name="testLoginWithInvalidPassword" finished-at="2022-03-26T17:08:18Z" duration-ms="5609" status="PASS">
          <reporter-output>
          </reporter-output>
        </test-method> <!-- testLoginWithInvalidPassword -->
      </class> <!-- placelab.tests.LoginTestInvalidPassword -->
      <class name="placelab.tests.LoginTestTermsOfUse">
        <test-method signature="testTermsOfUsePage()[pri:0, instance:placelab.tests.LoginTestTermsOfUse@5db45159]" started-at="2022-03-26T17:08:27Z" name="testTermsOfUsePage" finished-at="2022-03-26T17:08:31Z" duration-ms="4210" status="PASS">
          <reporter-output>
          </reporter-output>
        </test-method> <!-- testTermsOfUsePage -->
      </class> <!-- placelab.tests.LoginTestTermsOfUse -->
      <class name="placelab.tests.LoginTestEmptyUsername">
        <test-method signature="testLoginWithoutUsername()[pri:0, instance:placelab.tests.LoginTestEmptyUsername@37e547da]" started-at="2022-03-26T17:08:21Z" name="testLoginWithoutUsername" finished-at="2022-03-26T17:08:24Z" duration-ms="3089" status="PASS">
          <reporter-output>
          </reporter-output>
        </test-method> <!-- testLoginWithoutUsername -->
      </class> <!-- placelab.tests.LoginTestEmptyUsername -->
      <class name="placelab.tests.LoginTestInvalidUsername">
        <test-method signature="testLoginWithInvalidUsername()[pri:0, instance:placelab.tests.LoginTestInvalidUsername@3e3047e6]" started-at="2022-03-26T17:08:18Z" name="testLoginWithInvalidUsername" finished-at="2022-03-26T17:08:21Z" duration-ms="3033" status="PASS">
          <reporter-output>
          </reporter-output>
        </test-method> <!-- testLoginWithInvalidUsername -->
      </class> <!-- placelab.tests.LoginTestInvalidUsername -->
      <class name="placelab.tests.LoginTestResetPassword">
        <test-method signature="testPasswordReset()[pri:0, instance:placelab.tests.LoginTestResetPassword@2b6856dd]" started-at="2022-03-26T17:08:24Z" name="testPasswordReset" finished-at="2022-03-26T17:08:27Z" duration-ms="3099" status="PASS">
          <reporter-output>
          </reporter-output>
        </test-method> <!-- testPasswordReset -->
      </class> <!-- placelab.tests.LoginTestResetPassword -->
      <class name="placelab.tests.LoginTestEmptyPassword">
        <test-method signature="testLoginWithoutPassword()[pri:0, instance:placelab.tests.LoginTestEmptyPassword@3c153a1]" started-at="2022-03-26T17:08:05Z" name="testLoginWithoutPassword" finished-at="2022-03-26T17:08:08Z" duration-ms="3057" status="PASS">
          <reporter-output>
          </reporter-output>
        </test-method> <!-- testLoginWithoutPassword -->
      </class> <!-- placelab.tests.LoginTestEmptyPassword -->
      <class name="placelab.tests.LoginTestEnterKey">
        <test-method signature="testLoginPage()[pri:0, instance:placelab.tests.LoginTestEnterKey@b62fe6d]" started-at="2022-03-26T17:08:08Z" name="testLoginPage" finished-at="2022-03-26T17:08:12Z" duration-ms="4547" status="PASS">
          <reporter-output>
          </reporter-output>
        </test-method> <!-- testLoginPage -->
      </class> <!-- placelab.tests.LoginTestEnterKey -->
      <class name="placelab.tests.LoginTest">
        <test-method is-config="true" signature="initDriver()[pri:0, instance:placelab.tests.LoginTest@6156496]" started-at="2022-03-26T17:07:31Z" name="initDriver" finished-at="2022-03-26T17:07:36Z" duration-ms="4904" status="PASS">
          <reporter-output>
          </reporter-output>
        </test-method> <!-- initDriver -->
        <test-method is-config="true" signature="initDriver()[pri:0, instance:placelab.tests.LoginTestEmptyPassword@3c153a1]" started-at="2022-03-26T17:07:36Z" name="initDriver" finished-at="2022-03-26T17:07:38Z" duration-ms="2292" status="PASS">
          <reporter-output>
          </reporter-output>
        </test-method> <!-- initDriver -->
        <test-method is-config="true" signature="initDriver()[pri:0, instance:placelab.tests.LoginTestEmptyUsername@37e547da]" started-at="2022-03-26T17:07:38Z" name="initDriver" finished-at="2022-03-26T17:07:41Z" duration-ms="2758" status="PASS">
          <reporter-output>
          </reporter-output>
        </test-method> <!-- initDriver -->
        <test-method is-config="true" signature="initDriver()[pri:0, instance:placelab.tests.LoginTestEnterKey@b62fe6d]" started-at="2022-03-26T17:07:41Z" name="initDriver" finished-at="2022-03-26T17:07:43Z" duration-ms="2764" status="PASS">
          <reporter-output>
          </reporter-output>
        </test-method> <!-- initDriver -->
        <test-method is-config="true" signature="initDriver()[pri:0, instance:placelab.tests.LoginTestInvalidPassword@13acb0d1]" started-at="2022-03-26T17:07:43Z" name="initDriver" finished-at="2022-03-26T17:07:47Z" duration-ms="3260" status="PASS">
          <reporter-output>
          </reporter-output>
        </test-method> <!-- initDriver -->
        <test-method is-config="true" signature="initDriver()[pri:0, instance:placelab.tests.LoginTestInvalidUsername@3e3047e6]" started-at="2022-03-26T17:07:47Z" name="initDriver" finished-at="2022-03-26T17:07:50Z" duration-ms="3382" status="PASS">
          <reporter-output>
          </reporter-output>
        </test-method> <!-- initDriver -->
        <test-method is-config="true" signature="initDriver()[pri:0, instance:placelab.tests.LoginTestResetPassword@2b6856dd]" started-at="2022-03-26T17:07:50Z" name="initDriver" finished-at="2022-03-26T17:07:53Z" duration-ms="3082" status="PASS">
          <reporter-output>
          </reporter-output>
        </test-method> <!-- initDriver -->
        <test-method is-config="true" signature="initDriver()[pri:0, instance:placelab.tests.LoginTestTermsOfUse@5db45159]" started-at="2022-03-26T17:07:53Z" name="initDriver" finished-at="2022-03-26T17:07:57Z" duration-ms="3458" status="PASS">
          <reporter-output>
          </reporter-output>
        </test-method> <!-- initDriver -->
        <test-method signature="testLoginPage()[pri:0, instance:placelab.tests.LoginTest@6156496]" started-at="2022-03-26T17:07:57Z" name="testLoginPage" finished-at="2022-03-26T17:08:05Z" duration-ms="8001" status="PASS">
          <reporter-output>
          </reporter-output>
        </test-method> <!-- testLoginPage -->
        <test-method is-config="true" signature="quitDriver()[pri:0, instance:placelab.tests.LoginTest@6156496]" started-at="2022-03-26T17:08:31Z" name="quitDriver" finished-at="2022-03-26T17:08:32Z" duration-ms="401" status="PASS">
          <reporter-output>
          </reporter-output>
        </test-method> <!-- quitDriver -->
        <test-method is-config="true" signature="quitDriver()[pri:0, instance:placelab.tests.LoginTestEmptyPassword@3c153a1]" started-at="2022-03-26T17:08:32Z" name="quitDriver" finished-at="2022-03-26T17:08:32Z" duration-ms="468" status="PASS">
          <reporter-output>
          </reporter-output>
        </test-method> <!-- quitDriver -->
        <test-method is-config="true" signature="quitDriver()[pri:0, instance:placelab.tests.LoginTestEmptyUsername@37e547da]" started-at="2022-03-26T17:08:32Z" name="quitDriver" finished-at="2022-03-26T17:08:33Z" duration-ms="390" status="PASS">
          <reporter-output>
          </reporter-output>
        </test-method> <!-- quitDriver -->
        <test-method is-config="true" signature="quitDriver()[pri:0, instance:placelab.tests.LoginTestEnterKey@b62fe6d]" started-at="2022-03-26T17:08:33Z" name="quitDriver" finished-at="2022-03-26T17:08:33Z" duration-ms="384" status="PASS">
          <reporter-output>
          </reporter-output>
        </test-method> <!-- quitDriver -->
        <test-method is-config="true" signature="quitDriver()[pri:0, instance:placelab.tests.LoginTestInvalidPassword@13acb0d1]" started-at="2022-03-26T17:08:33Z" name="quitDriver" finished-at="2022-03-26T17:08:33Z" duration-ms="336" status="PASS">
          <reporter-output>
          </reporter-output>
        </test-method> <!-- quitDriver -->
        <test-method is-config="true" signature="quitDriver()[pri:0, instance:placelab.tests.LoginTestInvalidUsername@3e3047e6]" started-at="2022-03-26T17:08:33Z" name="quitDriver" finished-at="2022-03-26T17:08:34Z" duration-ms="357" status="PASS">
          <reporter-output>
          </reporter-output>
        </test-method> <!-- quitDriver -->
        <test-method is-config="true" signature="quitDriver()[pri:0, instance:placelab.tests.LoginTestResetPassword@2b6856dd]" started-at="2022-03-26T17:08:34Z" name="quitDriver" finished-at="2022-03-26T17:08:34Z" duration-ms="370" status="PASS">
          <reporter-output>
          </reporter-output>
        </test-method> <!-- quitDriver -->
        <test-method is-config="true" signature="quitDriver()[pri:0, instance:placelab.tests.LoginTestTermsOfUse@5db45159]" started-at="2022-03-26T17:08:34Z" name="quitDriver" finished-at="2022-03-26T17:08:35Z" duration-ms="689" status="PASS">
          <reporter-output>
          </reporter-output>
        </test-method> <!-- quitDriver -->
      </class> <!-- placelab.tests.LoginTest -->
    </test> <!-- Login -->
  </suite> <!-- Smoke Test -->
</testng-results>
