<?xml version="1.0" encoding="UTF-8"?>
<testng-results ignored="0" total="1" passed="1" failed="0" skipped="0">
  <reporter-output>
  </reporter-output>
  <suite started-at="2022-03-28T14:18:17 CEST" name="Smoke Test" finished-at="2022-03-28T14:18:34 CEST" duration-ms="17093">
    <groups>
    </groups>
    <test started-at="2022-03-28T14:18:17 CEST" name="Login" finished-at="2022-03-28T14:18:34 CEST" duration-ms="17093">
      <class name="placelab.tests.LoginTest">
        <test-method is-config="true" signature="initDriver()[pri:0, instance:placelab.tests.LoginTest@31368b99]" started-at="2022-03-28T14:17:46 CEST" name="initDriver" finished-at="2022-03-28T14:18:17 CEST" duration-ms="31641" status="PASS">
          <reporter-output>
          </reporter-output>
        </test-method> <!-- initDriver -->
        <test-method signature="testLoginPage()[pri:0, instance:placelab.tests.LoginTest@31368b99]" started-at="2022-03-28T14:18:17 CEST" name="testLoginPage" finished-at="2022-03-28T14:18:34 CEST" duration-ms="17029" status="PASS">
          <reporter-output>
          </reporter-output>
        </test-method> <!-- testLoginPage -->
        <test-method is-config="true" signature="quitDriver()[pri:0, instance:placelab.tests.LoginTest@31368b99]" started-at="2022-03-28T14:18:35 CEST" name="quitDriver" finished-at="2022-03-28T14:18:35 CEST" duration-ms="0" status="PASS">
          <reporter-output>
          </reporter-output>
        </test-method> <!-- quitDriver -->
      </class> <!-- placelab.tests.LoginTest -->
    </test> <!-- Login -->
  </suite> <!-- Smoke Test -->
</testng-results>
